D:\CBRE_DEMO\WebApp_Demo - Copy\WebApp_Demo\app\app-date.service.js
D:\CBRE_DEMO\WebApp_Demo - Copy\WebApp_Demo\app\app-date.service.js.map
D:\CBRE_DEMO\WebApp_Demo - Copy\WebApp_Demo\app\app.component.js
D:\CBRE_DEMO\WebApp_Demo - Copy\WebApp_Demo\app\app.component.js.map
D:\CBRE_DEMO\WebApp_Demo - Copy\WebApp_Demo\app\changedate\changedate.component.js
D:\CBRE_DEMO\WebApp_Demo - Copy\WebApp_Demo\app\changedate\changedate.component.js.map
D:\CBRE_DEMO\WebApp_Demo - Copy\WebApp_Demo\app\app.module.js
D:\CBRE_DEMO\WebApp_Demo - Copy\WebApp_Demo\app\app.module.js.map
D:\CBRE_DEMO\WebApp_Demo - Copy\WebApp_Demo\app\main.js
D:\CBRE_DEMO\WebApp_Demo - Copy\WebApp_Demo\app\main.js.map
D:\Generic_Repo\ASP.Net_MVC_Angular_Demo_App\WebApp_Demo\app\app-date.service.js
D:\Generic_Repo\ASP.Net_MVC_Angular_Demo_App\WebApp_Demo\app\app-date.service.js.map
D:\Generic_Repo\ASP.Net_MVC_Angular_Demo_App\WebApp_Demo\app\app.component.js
D:\Generic_Repo\ASP.Net_MVC_Angular_Demo_App\WebApp_Demo\app\app.component.js.map
D:\Generic_Repo\ASP.Net_MVC_Angular_Demo_App\WebApp_Demo\app\changedate\changedate.component.js
D:\Generic_Repo\ASP.Net_MVC_Angular_Demo_App\WebApp_Demo\app\changedate\changedate.component.js.map
D:\Generic_Repo\ASP.Net_MVC_Angular_Demo_App\WebApp_Demo\app\app.module.js
D:\Generic_Repo\ASP.Net_MVC_Angular_Demo_App\WebApp_Demo\app\app.module.js.map
D:\Generic_Repo\ASP.Net_MVC_Angular_Demo_App\WebApp_Demo\app\main.js
D:\Generic_Repo\ASP.Net_MVC_Angular_Demo_App\WebApp_Demo\app\main.js.map
D:\Generic_Repo\ASP.Net_MVC_Angular_Demo_App\WebApp_Demo\app\app-date.service.js
D:\Generic_Repo\ASP.Net_MVC_Angular_Demo_App\WebApp_Demo\app\app-date.service.js.map
D:\Generic_Repo\ASP.Net_MVC_Angular_Demo_App\WebApp_Demo\app\app.component.js
D:\Generic_Repo\ASP.Net_MVC_Angular_Demo_App\WebApp_Demo\app\app.component.js.map
D:\Generic_Repo\ASP.Net_MVC_Angular_Demo_App\WebApp_Demo\app\changedate\changedate.component.js
D:\Generic_Repo\ASP.Net_MVC_Angular_Demo_App\WebApp_Demo\app\changedate\changedate.component.js.map
D:\Generic_Repo\ASP.Net_MVC_Angular_Demo_App\WebApp_Demo\app\app.module.js
D:\Generic_Repo\ASP.Net_MVC_Angular_Demo_App\WebApp_Demo\app\app.module.js.map
D:\Generic_Repo\ASP.Net_MVC_Angular_Demo_App\WebApp_Demo\app\main.js
D:\Generic_Repo\ASP.Net_MVC_Angular_Demo_App\WebApp_Demo\app\main.js.map
